Arguments: 
  C:\Program Files\nodejs\node.exe C:\Users\wissa\AppData\Roaming\npm\node_modules\yarn\bin\yarn.js install

PATH: 
  C:\Python27\;C:\Python27\Scripts;C:\WINDOWS\system32;C:\WINDOWS;C:\WINDOWS\System32\Wbem;C:\WINDOWS\System32\WindowsPowerShell\v1.0\;C:\WINDOWS\System32\OpenSSH\;C:\Program Files\dotnet\;C:\Program Files\Git\cmd;C:\Program Files\nodejs\;C:\Users\wissa\AppData\Local\Microsoft\WindowsApps;C:\Users\wissa\.dotnet\tools;C:\Users\wissa\AppData\Local\Programs\Microsoft VS Code\bin;C:\Users\wissa\AppData\Roaming\npm;C:\Users\wissa\AppData\Local\gitkraken\bin

Yarn version: 
  1.22.10

Node version: 
  15.4.0

Platform: 
  win32 x64

Trace: 
  Error: ENOSPC: no space left on device, copyfile 'C:\Users\wissa\AppData\Local\Yarn\Cache\v6\npm-@angular-http-7.0.4-445d6a812d25ea1656fc3e3381ef82b3f98fccb4-integrity\node_modules\@angular\http\src\http_module.d.ts' -> 'C:\Users\wissa\Nouveau dossier\OneDrive\Desktop\P6\frontend\node_modules\@angular\http\src\http_module.d.ts'

npm manifest: 
  {
    "name": "the-hottest-reviews",
    "version": "0.0.0",
    "scripts": {
      "ng": "ng",
      "start": "ng serve",
      "build": "ng build",
      "test": "ng test",
      "lint": "ng lint",
      "e2e": "ng e2e"
    },
    "private": true,
    "dependencies": {
      "@angular/animations": "~7.0.0",
      "@angular/cdk": "^7.0.1",
      "@angular/common": "~7.0.0",
      "@angular/compiler": "~7.0.0",
      "@angular/core": "~7.0.0",
      "@angular/forms": "~7.0.0",
      "@angular/http": "~7.0.0",
      "@angular/material": "^7.0.1",
      "@angular/platform-browser": "~7.0.0",
      "@angular/platform-browser-dynamic": "~7.0.0",
      "@angular/router": "~7.0.0",
      "bootstrap": "^4.1.3",
      "core-js": "^2.5.4",
      "node-sass": "^4.9.3",
      "rxjs": "~6.3.3",
      "zone.js": "~0.8.26"
    },
    "devDependencies": {
      "@angular-devkit/build-angular": "~0.10.0",
      "@angular/cli": "~7.0.2",
      "@angular/compiler-cli": "~7.0.0",
      "@angular/language-service": "~7.0.0",
      "@types/jasmine": "~2.8.8",
      "@types/jasminewd2": "~2.0.3",
      "@types/node": "~8.9.4",
      "codelyzer": "~4.5.0",
      "jasmine-core": "~2.99.1",
      "jasmine-spec-reporter": "~4.2.1",
      "karma": "~3.0.0",
      "karma-chrome-launcher": "~2.2.0",
      "karma-coverage-istanbul-reporter": "~2.0.1",
      "karma-jasmine": "~1.1.2",
      "karma-jasmine-html-reporter": "^0.2.2",
      "protractor": "~5.4.0",
      "ts-node": "~7.0.0",
      "tslint": "~5.11.0",
      "typescript": "~3.1.1"
    }
  }

yarn manifest: 
  No manifest

Lockfile: 
  No lockfile
